<?xml version="1.0" encoding="UTF-8"?>
<testng-results ignored="0" total="1" passed="1" failed="0" skipped="0">
  <reporter-output>
  </reporter-output>
  <suite started-at="2020-08-29T10:15:19 EDT" name="Default suite" finished-at="2020-08-29T10:15:19 EDT" duration-ms="74">
    <groups>
    </groups>
    <test started-at="2020-08-29T10:15:19 EDT" name="Default test" finished-at="2020-08-29T10:15:19 EDT" duration-ms="74">
      <class name="com.syntax.class99HW.NewTest">
        <test-method signature="f()[pri:0, instance:com.syntax.class99HW.NewTest@67e2d983]" started-at="2020-08-29T10:15:19 EDT" name="f" finished-at="2020-08-29T10:15:19 EDT" duration-ms="22" status="PASS">
          <reporter-output>
          </reporter-output>
        </test-method> <!-- f -->
      </class> <!-- com.syntax.class99HW.NewTest -->
    </test> <!-- Default test -->
  </suite> <!-- Default suite -->
</testng-results>
